ModuleCmd_Load.c(213):ERROR:105: Unable to locate a modulefile for 'system/R−3.6.1'
Loading required package: Matrix
Loaded glmnet 4.1-1

Attaching package: ‘dplyr’

The following objects are masked from ‘package:stats’:

    filter, lag

The following objects are masked from ‘package:base’:

    intersect, setdiff, setequal, union

Loading required package: foreach
Loading required package: iterators
Loading required package: parallel
Loading required package: nlme

Attaching package: ‘nlme’

The following object is masked from ‘package:dplyr’:

    collapse

This is mgcv 1.8-35. For overview type 'help("mgcv-package")'.

Attaching package: ‘data.table’

The following objects are masked from ‘package:dplyr’:

    between, first, last

[1] "Spectra ok!"
<simpleError: object of type 'symbol' is not subsettable>
<simpleError: object of type 'symbol' is not subsettable>
<simpleError in combn(states, 2): n < m>
$spectra_list
[1] "Error in unique(noisy_curves[[1]][[1]]$Sequence) : \n  object 'noisy_curves' not found\n"
attr(,"class")
[1] "try-error"
attr(,"condition")
<simpleError in unique(noisy_curves[[1]][[1]]$Sequence): object 'noisy_curves' not found>

$n_cpus
[1] "Error in unique(noisy_curves[[1]][[1]]$Sequence) : \n  object 'noisy_curves' not found\n"
attr(,"class")
[1] "try-error"
attr(,"condition")
<simpleError in unique(noisy_curves[[1]][[1]]$Sequence): object 'noisy_curves' not found>

[[3]]
[1] "Error in unique(noisy_curves[[1]][[1]]$Sequence) : \n  object 'noisy_curves' not found\n"
attr(,"class")
[1] "try-error"
attr(,"condition")
<simpleError in unique(noisy_curves[[1]][[1]]$Sequence): object 'noisy_curves' not found>

Warning message:
In mclapply(spectra_list, function(spectrum) { :
  all scheduled cores encountered errors in user code
