ModuleCmd_Load.c(213):ERROR:105: Unable to locate a modulefile for 'system/R−3.6.1'
Loading required package: foreach
Loading required package: iterators
Loading required package: parallel
[1] "Simulation 1 \n"
[1] "Simulation 1 \n"
[1] "Simulation 1 \n"
[1] "Simulation 1 \n"
[1] "Simulation 1 \n"
[1] "Simulation 1 \n"
[1] "Simulation 1 \n"
[1] "Simulation 1 \n"
[1] "Simulation 1 \n"
[1] "Simulation 1 \n"
[1] "Simulation 1 \n"
[1] "Simulation 1 \n"
[1] "Simulation 1 \n"
[1] "Simulation 1 \n"
[1] "Simulation 1 \n"
[1] "Simulation 1 \n"
[1] "Simulation 1 \n"
[1] "Simulation 1 \n"
[1] "Simulation 1 \n"
[1] "Simulation 1 \n"
[1] "Simulation 1 \n"
[1] "Simulation 1 \n"
[1] "Simulation 1 \n"
[1] "Simulation 1 \n"
[1] "Simulation 1 \n"
[1] "Simulation 1 \n"
[1] "Simulation 1 \n"
[1] "Simulation 1 \n"
[1] "Simulation 1 \n"
[1] "Simulation 1 \n"
[1] "Simulation 1 \n"
[1] "Simulation 1 \n"
[1] "Simulation 2 \n"
[1] "Simulation 2 \n"
[1] "Simulation 2 \n"
[1] "Simulation 2 \n"
[1] "Simulation 2 \n"
[1] "Simulation 2 \n"
[1] "Simulation 3 \n"
[1] "Simulation 2 \n"
[1] "Simulation 2 \n"
[1] "Simulation 2 \n"
[1] "Simulation 2 \n"
[1] "Simulation 2 \n"
[1] "Simulation 2 \n"
[1] "Simulation 2 \n"
[1] "Simulation 2 \n"
[1] "Simulation 2 \n"
[1] "Simulation 3 \n"
[1] "Simulation 2 \n"
[1] "Simulation 3 \n"
[1] "Simulation 4 \n"
[1] "Simulation 2 \n"
[1] "Simulation 3 \n"
[1] "Simulation 2 \n"
[1] "Simulation 5 \n"
[1] "Simulation 6 \n"
[1] "Simulation 3 \n"
[1] "Simulation 7 \n"
[1] "Simulation 8 \n"
[1] "Simulation 9 \n"
[1] "Simulation 10 \n"
[1] "Simulation 11 \n"
[1] "Simulation 12 \n"
[1] "Simulation 13 \n"
[1] "Simulation 14 \n"
[1] "Simulation 15 \n"
[1] "Simulation 16 \n"
[1] "Simulation 17 \n"
[1] "Simulation 18 \n"
[1] "Simulation 2 \n"
[1] "Simulation 4 \n"
[1] "Simulation 2 \n"
[1] "Simulation 19 \n"
[1] "Simulation 2 \n"
[1] "Simulation 3 \n"
[1] "Simulation 20 \n"
[1] "Simulation 21 \n"
[1] "Simulation 22 \n"
[1] "Simulation 3 \n"
[1] "Simulation 2 \n"
[1] "Simulation 3 \n"
[1] "Simulation 23 \n"
[1] "Simulation 2 \n"
[1] "Simulation 2 \n"
[1] "Simulation 4 \n"
[1] "Simulation 2 \n"
[1] "Simulation 24 \n"
[1] "Simulation 4 \n"
[1] "Simulation 3 \n"
[1] "Simulation 25 \n"
[1] "Simulation 3 \n"
[1] "Simulation 26 \n"
[1] "Simulation 3 \n"
[1] "Simulation 4 \n"
[1] "Simulation 5 \n"
[1] "Simulation 6 \n"
[1] "Simulation 7 \n"
[1] "Simulation 8 \n"
[1] "Simulation 9 \n"
[1] "Simulation 10 \n"
[1] "Simulation 11 \n"
[1] "Simulation 12 \n"
[1] "Simulation 13 \n"
[1] "Simulation 4 \n"
[1] "Simulation 5 \n"
[1] "Simulation 3 \n"
[1] "Simulation 14 \n"
[1] "Simulation 15 \n"
[1] "Simulation 16 \n"
[1] "Simulation 17 \n"
[1] "Simulation 18 \n"
[1] "Simulation 19 \n"
[1] "Simulation 20 \n"
[1] "Simulation 21 \n"
[1] "Simulation 3 \n"
[1] "Simulation 22 \n"
[1] "Simulation 27 \n"
[1] "Simulation 23 \n"
[1] "Simulation 24 \n"
[1] "Simulation 3 \n"
[1] "Simulation 3 \n"
[1] "Simulation 4 \n"
[1] "Simulation 2 \n"
[1] "Simulation 25 \n"
[1] "Simulation 5 \n"
[1] "Simulation 6 \n"
[1] "Simulation 28 \n"
[1] "Simulation 7 \n"
[1] "Simulation 8 \n"
[1] "Simulation 9 \n"
[1] "Simulation 10 \n"
[1] "Simulation 11 \n"
[1] "Simulation 12 \n"
[1] "Simulation 26 \n"
[1] "Simulation 29 \n"
[1] "Simulation 6 \n"
[1] "Simulation 13 \n"
[1] "Simulation 5 \n"
[1] "Simulation 14 \n"
[1] "Simulation 3 \n"
[1] "Simulation 27 \n"
[1] "Simulation 15 \n"
[1] "Simulation 16 \n"
[1] "Simulation 17 \n"
[1] "Simulation 2 \n"
[1] "Simulation 28 \n"
[1] "Simulation 18 \n"
[1] "Simulation 3 \n"
<simpleError: cannot allocate vector of size 2.0 Gb>
[1] "Simulation 4 \n"
[1] "Simulation 5 \n"
[1] "Simulation 6 \n"
[1] "Simulation 7 \n"
[1] "Simulation 8 \n"
[1] "Simulation 9 \n"
[1] "Simulation 10 \n"
[1] "Simulation 11 \n"
[1] "Simulation 12 \n"
[1] "Simulation 29 \n"
[1] "Simulation 19 \n"
[1] "Simulation 13 \n"
[1] "Simulation 20 \n"
[1] "Simulation 14 \n"
[1] "Simulation 3 \n"
<simpleError: cannot allocate vector of size 2.0 Gb>
[1] "Simulation 4 \n"
<simpleError: cannot allocate vector of size 2.0 Gb>
[1] "Simulation 5 \n"
[1] "Simulation 15 \n"
[1] "Simulation 21 \n"
[1] "Simulation 3 \n"
[1] "Simulation 2 \n"
[1] "Simulation 16 \n"
[1] "Simulation 22 \n"
[1] "Simulation 23 \n"
[1] "Simulation 17 \n"
[1] "Simulation 18 \n"
[1] "Simulation 24 \n"
[1] "Simulation 30 \n"
[1] "Simulation 19 \n"
[1] "Simulation 25 \n"
[1] "Simulation 20 \n"
[1] "Simulation 31 \n"
[1] "Simulation 4 \n"
[1] "Simulation 7 \n"
[1] "Simulation 26 \n"
[1] "Simulation 8 \n"
[1] "Simulation 9 \n"
[1] "Simulation 21 \n"
[1] "Simulation 10 \n"
[1] "Simulation 2 \n"
[1] "Simulation 32 \n"
[1] "Simulation 11 \n"
[1] "Simulation 12 \n"
[1] "Simulation 13 \n"
[1] "Simulation 22 \n"
[1] "Simulation 14 \n"
[1] "Simulation 4 \n"
[1] "Simulation 4 \n"
[1] "Simulation 15 \n"
[1] "Simulation 30 \n"
<simpleError: cannot allocate vector of size 64.1 Mb>
[1] "Simulation 31 \n"
[1] "Simulation 16 \n"
[1] "Simulation 23 \n"
[1] "Simulation 17 \n"
[1] "Simulation 18 \n"
[1] "Simulation 24 \n"
[1] "Simulation 19 \n"
[1] "Simulation 20 \n"
[1] "Simulation 21 \n"
[1] "Simulation 22 \n"
[1] "Simulation 32 \n"
[1] "Simulation 23 \n"
[1] "Simulation 3 \n"
[1] "Simulation 24 \n"
[1] "Simulation 25 \n"
[1] "Simulation 26 \n"
[1] "Simulation 2 \n"
[1] "Simulation 33 \n"
[1] "Simulation 25 \n"
[1] "Simulation 4 \n"
[1] "Simulation 27 \n"
[1] "Simulation 28 \n"
[1] "Simulation 29 \n"
[1] "Simulation 30 \n"
[1] "Simulation 3 \n"
[1] "Simulation 26 \n"
[1] "Simulation 27 \n"
[1] "Simulation 31 \n"
[1] "Simulation 34 \n"
[1] "Simulation 32 \n"
[1] "Simulation 33 \n"
[1] "Simulation 28 \n"
[1] "Simulation 34 \n"
[1] "Simulation 3 \n"
[1] "Simulation 4 \n"
[1] "Simulation 5 \n"
[1] "Simulation 6 \n"
[1] "Simulation 7 \n"
[1] "Simulation 8 \n"
[1] "Simulation 9 \n"
[1] "Simulation 35 \n"
[1] "Simulation 10 \n"
[1] "Simulation 33 \n"
[1] "Simulation 4 \n"
[1] "Simulation 11 \n"
[1] "Simulation 2 \n"
[1] "Simulation 2 \n"
[1] "Simulation 27 \n"
[1] "Simulation 3 \n"
[1] "Simulation 12 \n"
[1] "Simulation 4 \n"
[1] "Simulation 13 \n"
[1] "Simulation 5 \n"
[1] "Simulation 6 \n"
[1] "Simulation 14 \n"
[1] "Simulation 7 \n"
[1] "Simulation 8 \n"
[1] "Simulation 9 \n"
[1] "Simulation 15 \n"
[1] "Simulation 16 \n"
[1] "Simulation 10 \n"
[1] "Simulation 36 \n"
[1] "Simulation 11 \n"
[1] "Simulation 17 \n"
[1] "Simulation 12 \n"
[1] "Simulation 13 \n"
[1] "Simulation 14 \n"
[1] "Simulation 18 \n"
[1] "Simulation 19 \n"
[1] "Simulation 20 \n"
[1] "Simulation 21 \n"
[1] "Simulation 37 \n"
[1] "Simulation 22 \n"
[1] "Simulation 28 \n"
[1] "Simulation 15 \n"
[1] "Simulation 23 \n"
[1] "Simulation 24 \n"
[1] "Simulation 25 \n"
[1] "Simulation 4 \n"
[1] "Simulation 35 \n"
[1] "Simulation 26 \n"
[1] "Simulation 16 \n"
[1] "Simulation 4 \n"
[1] "Simulation 27 \n"
[1] "Simulation 29 \n"
[1] "Simulation 4 \n"
[1] "Simulation 5 \n"
[1] "Simulation 6 \n"
[1] "Simulation 7 \n"
[1] "Simulation 8 \n"
[1] "Simulation 9 \n"
[1] "Simulation 29 \n"
[1] "Simulation 10 \n"
[1] "Simulation 17 \n"
[1] "Simulation 11 \n"
[1] "Simulation 12 \n"
[1] "Simulation 18 \n"
[1] "Simulation 28 \n"
[1] "Simulation 13 \n"
[1] "Simulation 14 \n"
[1] "Simulation 15 \n"
[1] "Simulation 16 \n"
[1] "Simulation 17 \n"
[1] "Simulation 18 \n"
[1] "Simulation 3 \n"
[1] "Simulation 19 \n"
<simpleError: cannot allocate vector of size 1.0 Gb>
[1] "Simulation 4 \n"
[1] "Simulation 19 \n"
[1] "Simulation 29 \n"
[1] "Simulation 36 \n"
[1] "Simulation 20 \n"
[1] "Simulation 21 \n"
[1] "Simulation 30 \n"
[1] "Simulation 5 \n"
[1] "Simulation 6 \n"
[1] "Simulation 7 \n"
[1] "Simulation 20 \n"
[1] "Simulation 8 \n"
[1] "Simulation 9 \n"
[1] "Simulation 10 \n"
[1] "Simulation 11 \n"
[1] "Simulation 12 \n"
[1] "Simulation 13 \n"
[1] "Simulation 21 \n"
[1] "Simulation 14 \n"
[1] "Simulation 37 \n"
[1] "Simulation 15 \n"
[1] "Simulation 31 \n"
[1] "Simulation 22 \n"
[1] "Simulation 30 \n"
[1] "Simulation 23 \n"
[1] "Simulation 16 \n"
[1] "Simulation 17 \n"
[1] "Simulation 18 \n"
[1] "Simulation 19 \n"
[1] "Simulation 20 \n"
[1] "Simulation 24 \n"
[1] "Simulation 21 \n"
[1] "Simulation 3 \n"
[1] "Simulation 22 \n"
[1] "Simulation 25 \n"
[1] "Simulation 32 \n"
[1] "Simulation 26 \n"
[1] "Simulation 22 \n"
[1] "Simulation 33 \n"
[1] "Simulation 38 \n"
[1] "Simulation 23 \n"
[1] "Simulation 23 \n"
[1] "Simulation 30 \n"
[1] "Simulation 5 \n"
[1] "Simulation 6 \n"
[1] "Simulation 7 \n"
[1] "Simulation 8 \n"
[1] "Simulation 9 \n"
[1] "Simulation 3 \n"
[1][1] "Simulation 34 \n" "Simulation 39 \n"

[1] "Simulation 4 \n"
[1] "Simulation 5 \n"
[1] "Simulation 6 \n"
[1] "Simulation 10 \n"
[1] "Simulation 7 \n"
[1] "Simulation 8 \n"
[1] "Simulation 24 \n"
[1] "Simulation 27 \n"
[1] "Simulation 9 \n"
[1] "Simulation 11 \n"
[1] "Simulation 10 \n"
[1] "Simulation 12 \n"
[1] "Simulation 11 \n"
[1] "Simulation 12 \n"
[1] "Simulation 13 \n"
[1] "Simulation 34 \n"
[1] "Simulation 14 \n"
[1] "Simulation 35 \n"
[1] "Simulation 15 \n"
[1] "Simulation 31 \n"
[1] "Simulation 13 \n"
[1] "Simulation 16 \n"
[1] "Simulation 17 \n"
[1] "Simulation 14 \n"
[1] "Simulation 31 \n"
[1] "Simulation 18 \n"
[1] "Simulation 15 \n"
[1] "Simulation 3 \n"
[1] "Simulation 28 \n"
[1] "Simulation 19 \n"
[1] "Simulation 25 \n"
[1] "Simulation 16 \n"
[1] "Simulation 35 \n"
[1] "Simulation 20 \n"
[1] "Simulation 29 \n"
[1] "Simulation 32 \n"
[1] "Simulation 21 \n"
[1] "Simulation 26 \n"
[1] "Simulation 30 \n"
[1] "Simulation 17 \n"
[1] "Simulation 3 \n"
[1] "Simulation 22 \n"
[1] "Simulation 32 \n"
[1] "Simulation 24 \n"
[1] "Simulation 27 \n"
[1] "Simulation 36 \n"
[1] "Simulation 31 \n"
[1] "Simulation 38 \n"
[1] "Simulation 37 \n"
[1] "Simulation 36 \n"
[1] "Simulation 32 \n"
[1] "Simulation 33 \n"
[1] "Simulation 33 \n"
[1] "Simulation 5 \n"
[1] "Simulation 23 \n"
[1] "Simulation 18 \n"
[1] "Simulation 38 \n"
[1] "Simulation 19 \n"
[1] "Simulation 34 \n"
[1] "Simulation 24 \n"
[1] "Simulation 20 \n"
[1] "Simulation 34 \n"
[1] "Simulation 5 \n"
[1] "Simulation 21 \n"
[1] "Simulation 3 \n"
[1] "Simulation 4 \n"
[1] "Simulation 28 \n"
[1] "Simulation 39 \n"
[1] "Simulation 25 \n"
[1] "Simulation 5 \n"
[1] "Simulation 40 \n"
[1] "Simulation 6 \n"
[1] "Simulation 4 \n"
[1] "Simulation 35 \n"
[1] "Simulation 7 \n"
[1] "Simulation 8 \n"
[1] "Simulation 25 \n"
[1] "Simulation 9 \n"
[1] "Simulation 10 \n"
[1] "Simulation 11 \n"
[1] "Simulation 39 \n"
[1] "Simulation 12 \n"
[1] "Simulation 33 \n"
[1] "Simulation 13 \n"
[1] "Simulation 40 \n"
[1] "Simulation 29 \n"
[1] "Simulation 35 \n"
[1] "Simulation 14 \n"
[1] "Simulation 15 \n"
[1] "Simulation 22 \n"
[1] "Simulation 37 \n"
[1] "Simulation 16 \n"
[1] "Simulation 5 \n"
[1] "Simulation 6 \n"
[1] "Simulation 41 \n"
[1] "Simulation 7 \n"
[1] "Simulation 26 \n"
[1] "Simulation 8 \n"
[1] "Simulation 9 \n"
[1] "Simulation 10 \n"
[1] "Simulation 11 \n"
[1] "Simulation 12 \n"
[1] "Simulation 13 \n"
[1] "Simulation 14 \n"
[1] "Simulation 3 \n"
[1] "Simulation 27 \n"
[1] "Simulation 15 \n"
[1] "Simulation 16 \n"
[1] "Simulation 17 \n"
[1] "Simulation 17 \n"
[1] "Simulation 36 \n"
[1] "Simulation 18 \n"
[1] "Simulation 18 \n"
[1] "Simulation 19 \n"
[1] "Simulation 30 \n"
[1] "Simulation 20 \n"
[1] "Simulation 28 \n"
[1] "Simulation 19 \n"
[1] "Simulation 23 \n"
[1] "Simulation 21 \n"
[1] "Simulation 22 \n"
[1] "Simulation 20 \n"
[1] "Simulation 23 \n"
[1] "Simulation 42 \n"
[1] "Simulation 37 \n"
[1] "Simulation 24 \n"
[1] "Simulation 25 \n"
[1] "Simulation 29 \n"
[1] "Simulation 21 \n"
[1] "Simulation 38 \n"
[1] "Simulation 41 \n"
[1] "Simulation 26 \n"
[1] "Simulation 22 \n"
[1] "Simulation 43 \n"
[1] "Simulation 23 \n"
[1] "Simulation 38 \n"
[1] "Simulation 27 \n"
[1] "Simulation 34 \n"
[1] "Simulation 24 \n"
[1] "Simulation 28 \n"
[1] "Simulation 29 \n"
[1] "Simulation 36 \n"
[1] "Simulation 44 \n"
[1] "Simulation 31 \n"
[1] "Simulation 26 \n"
[1] "Simulation 30 \n"
[1] "Simulation 45 \n"
[1] "Simulation 30 \n"
[1] "Simulation 24 \n"
[1] "Simulation 40 \n"
[1] "Simulation 31 \n"
[1] "Simulation 31 \n"
[1] "Simulation 6 \n"
[1] "Simulation 25 \n"
[1] "Simulation 32 \n"
[1] "Simulation 46 \n"
[1] "Simulation 26 \n"
[1] "Simulation 39 \n"
[1] "Simulation 39 \n"
[1] "Simulation 27 \n"
[1] "Simulation 41 \n"
[1] "Simulation 40 \n"
[1] "Simulation 32 \n"
[1] "Simulation 27 \n"
[1] "Simulation 33 \n"
[1] "Simulation 4 \n"
[1] "Simulation 5 \n"
[1] "Simulation 41 \n"
[1] "Simulation 37 \n"
[1] "Simulation 6 \n"
[1] "Simulation 34 \n"
[1] "Simulation 7 \n"
[1] "Simulation 25 \n"
[1] "Simulation 32 \n"
[1] "Simulation 4 \n"
[1] "Simulation 8 \n"
[1] "Simulation 5 \n"
[1] "Simulation 9 \n"
[1] "Simulation 6 \n"
[1] "Simulation 10 \n"
[1] "Simulation 7 \n"
[1] "Simulation 8 \n"
[1] "Simulation 11 \n"
[1] "Simulation 35 \n"
[1] "Simulation 9 \n"
[1] "Simulation 12 \n"
[1] "Simulation 13 \n"
[1] "Simulation 10 \n"
[1] "Simulation 40 \n"
[1] "Simulation 11 \n"
[1] "Simulation 33 \n"
[1] "Simulation 14 \n"
[1] "Simulation 26 \n"
[1] "Simulation 12 \n"
[1] "Simulation 36 \n"
[1] "Simulation 13 \n"
[1] "Simulation 15 \n"
[1] "Simulation 14 \n"
[1] "Simulation 15 \n"
[1] "Simulation 16 \n"
[1] "Simulation 47 \n"
[1] "Simulation 16 \n"
[1] "Simulation 17 \n"
[1] "Simulation 4 \n"
[1] "Simulation 17 \n"
[1] "Simulation 18 \n"
[1] "Simulation 34 \n"
[1] "Simulation 38 \n"
[1] "Simulation 19 \n"
[1] "Simulation 37 \n"
[1] "Simulation 42 \n"
[1] "Simulation 20 \n"
[1] "Simulation 48 \n"
[1] "Simulation 21 \n"
[1] "Simulation 28 \n"
[1] "Simulation 28 \n"
[1] "Simulation 41 \n"
[1] "Simulation 18 \n"
[1] "Simulation 22 \n"
[1] "Simulation 38 \n"
[1] "Simulation 35 \n"
[1] "Simulation 42 \n"
[1] "Simulation 39 \n"
[1] "Simulation 19 \n"
[1] "Simulation 23 \n"
[1] "Simulation 20 \n"
[1] "Simulation 21 \n"
[1] "Simulation 22 \n"
[1] "Simulation 35 \n"
[1] "Simulation 23 \n"
[1] "Simulation 33 \n"
[1] "Simulation 24 \n"
[1] "Simulation 24 \n"
[1] "Simulation 29 \n"
[1] "Simulation 25 \n"
[1] "Simulation 36 \n"
[1] "Simulation 7 \n"
[1] "Simulation 26 \n"
[1] "Simulation 40 \n"
[1] "Simulation 25 \n"
[1] "Simulation 27 \n"
[1] "Simulation 42 \n"
[1] "Simulation 42 \n"
[1] "Simulation 41 \n"
[1] "Simulation 27 \n"
[1] "Simulation 36 \n"
[1] "Simulation 30 \n"
[1] "Simulation 28 \n"
[1] "Simulation 42 \n"
[1] "Simulation 39 \n"
[1] "Simulation 26 \n"
[1] "Simulation 37 \n"
[1] "Simulation 3 \n"
[1] "Simulation 28 \n"
[1] "Simulation 27 \n"
[1] "Simulation 43 \n"
[1] "Simulation 34 \n"
[1] "Simulation 43 \n"
[1] "Simulation 29 \n"
[1] "Simulation 43 \n"
[1] "Simulation 29 \n"
[1] "Simulation 38 \n"
[1] "Simulation 44 \n"
[1] "Simulation 4 \n"
[1] "Simulation 5 \n"
[1] "Simulation 6 \n"
[1] "Simulation 7 \n"
[1] "Simulation 8 \n"
[1] "Simulation 9 \n"
[1] "Simulation 10 \n"
[1] "Simulation 43 \n"
[1] "Simulation 11 \n"
[1] "Simulation 12 \n"
[1] "Simulation 13 \n"
[1] "Simulation 14 \n"
[1] "Simulation 44 \n"
[1] "Simulation 30 \n"
[1] "Simulation 28 \n"
[1] "Simulation 15 \n"
[1] "Simulation 16 \n"
[1] "Simulation 17 \n"
[1] "Simulation 30 \n"
[1] "Simulation 49 \n"
[1] "Simulation 44 \n"
[1] "Simulation 43 \n"
[1] "Simulation 31 \n"
[1] "Simulation 31 \n"
[1] "Simulation 44 \n"
[1] "Simulation 29 \n"
[1] "Simulation 18 \n"
[1] "Simulation 37 \n"
[1] "Simulation 39 \n"
[1] "Simulation 32 \n"
[1] "Simulation 19 \n"
[1] "Simulation 32 \n"
[1] "Simulation 20 \n"
[1] "Simulation 33 \n"
[1] "Simulation 50 \n"
[1] "Simulation 21 \n"
[1] "Simulation 22 \n"
[1] "Simulation 45 \n"
[1] "Simulation 29 \n"
[1] "Simulation 23 \n"
[1] "Simulation 40 \n"
[1] "Simulation 45 \n"
[1] "Simulation 33 \n"
[1] "Simulation 38 \n"
[1] "Simulation 44 \n"
[1] "Simulation 34 \n"
[1] "Simulation 24 \n"
[1] "Simulation 46 \n"
[1] "Simulation 51 \n"
[1] "Simulation 25 \n"
[1] "Simulation 35 \n"
[1] "Simulation 41 \n"
[1] "Simulation 30 \n"
[1] "Simulation 35 \n"
[1] "Simulation 26 \n"
[1] "Simulation 45 \n"
[1] "Simulation 31 \n"
[1] "Simulation 34 \n"
[1] "Simulation 27 \n"
[1] "Simulation 35 \n"
[1] "Simulation 45 \n"
[1] "Simulation 30 \n"
[1] "Simulation 31 \n"
[1] "Simulation 28 \n"
[1] "Simulation 45 \n"
[1] "Simulation 46 \n"
[1] "Simulation 52 \n"
[1] "Simulation 5 \n"
[1] "Simulation 6 \n"
[1] "Simulation 7 \n"
[1] "Simulation 8 \n"
[1] "Simulation 9 \n"
[1] "Simulation 10 \n"
[1] "Simulation 36 \n"
[1] "Simulation 11 \n"
[1] "Simulation 12 \n"
[1] "Simulation 13 \n"
[1] "Simulation 14 \n"
[1] "Simulation 15 \n"
[1] "Simulation 40 \n"
[1] "Simulation 16 \n"
[1] "Simulation 32 \n"
[1] "Simulation 17 \n"
[1] "Simulation 37 \n"
[1] "Simulation 18 \n"
[1] "Simulation 29 \n"
[1] "Simulation 19 \n"
[1] "Simulation 20 \n"
[1] "Simulation 21 \n"
[1] "Simulation 22 \n"
[1] "Simulation 38 \n"
[1] "Simulation 23 \n"
[1] "Simulation 24 \n"
[1] "Simulation 47 \n"
[1] "Simulation 30 \n"
[1] "Simulation 47 \n"
[1] "Simulation 33 \n"
[1] "Simulation 41 \n"
[1] "Simulation 53 \n"
[1] "Simulation 39 \n"
[1] "Simulation 36 \n"
[1] "Simulation 5 \n"
[1] "Simulation 6 \n"
[1] "Simulation 7 \n"
[1] "Simulation 8 \n"
[1] "Simulation 9 \n"
[1] "Simulation 25 \n"
[1] "Simulation 39 \n"
[1] "Simulation 10 \n"
[1] "Simulation 11 \n"
[1] "Simulation 12 \n"
[1] "Simulation 13 \n"
[1] "Simulation 31 \n"
[1] "Simulation 14 \n"
[1] "Simulation 15 \n"
[1] "Simulation 16 \n"
[1] "Simulation 17 \n"
[1] "Simulation 18 \n"
[1] "Simulation 8 \n"
[1] "Simulation 19 \n"
[1] "Simulation 42 \n"
[1] "Simulation 20 \n"
[1] "Simulation 21 \n"
[1] "Simulation 22 \n"
[1] "Simulation 23 \n"
[1] "Simulation 24 \n"
[1] "Simulation 42 \n"
[1] "Simulation 36 \n"
[1] "Simulation 25 \n"
[1] "Simulation 26 \n"
[1] "Simulation 37 \n"
[1] "Simulation 27 \n"
[1] "Simulation 26 \n"
[1] "Simulation 28 \n"
[1] "Simulation 32 \n"
[1] "Simulation 34 \n"
[1] "Simulation 29 \n"
[1] "Simulation 31 \n"
[1] "Simulation 27 \n"
[1] "Simulation 30 \n"
[1] "Simulation 31 \n"
[1] "Simulation 35 \n"
[1] "Simulation 28 \n"
[1] "Simulation 32 \n"
[1] "Simulation 46 \n"
[1] "Simulation 36 \n"
[1] "Simulation 33 \n"
[1] "Simulation 37 \n"
[1] "Simulation 33 \n"
[1] "Simulation 54 \n"
[1] "Simulation 32 \n"
[1] "Simulation 32 \n"
[1] "Simulation 34 \n"
[1] "Simulation 48 \n"
[1] "Simulation 34 \n"
[1] "Simulation 38 \n"
[1] "Simulation 29 \n"
[1] "Simulation 46 \n"
[1] "Simulation 40 \n"
[1] "Simulation 37 \n"
[1] "Simulation 39 \n"
[1] "Simulation 30 \n"
[1] "Simulation 33 \n"
[1] "Simulation 47 \n"
[1] "Simulation 35 \n"
[1] "Simulation 35 \n"
[1] "Simulation 38 \n"
[1] "Simulation 48 \n"
[1] "Simulation 49 \n"
[1] "Simulation 31 \n"
[1] "Simulation 55 \n"
[1] "Simulation 36 \n"
[1] "Simulation 32 \n"
[1] "Simulation 4 \n"
[1] "Simulation 38 \n"
[1] "Simulation 9 \n"
[1] "Simulation 37 \n"
[1] "Simulation 46 \n"
[1] "Simulation 38 \n"
[1] "Simulation 40 \n"
[1] "Simulation 33 \n"
[1] "Simulation 36 \n"
[1] "Simulation 48 \n"
[1] "Simulation 47 \n"
[1] "Simulation 34 \n"
[1] "Simulation 41 \n"
[1] "Simulation 39 \n"
[1] "Simulation 41 \n"
[1] "Simulation 39 \n"
[1] "Simulation 35 \n"
[1] "Simulation 56 \n"
[1] "Simulation 43 \n"
[1] "Simulation 37 \n"
[1] "Simulation 33 \n"
[1] "Simulation 36 \n"
[1] "Simulation 50 \n"
[1] "Simulation 40 \n"
[1] "Simulation 34 \n"
[1] "Simulation 44 \n"
[1] "Simulation 37 \n"
[1] "Simulation 42 \n"
[1] "Simulation 49 \n"
[1] "Simulation 38 \n"
[1] "Simulation 40 \n"
[1] "Simulation 38 \n"
[1] "Simulation 47 \n"
[1] "Simulation 43 \n"
[1] "Simulation 34 \n"
[1] "Simulation 35 \n"
[1] "Simulation 45 \n"
[1] "Simulation 41 \n"
[1] "Simulation 44 \n"
[1] "Simulation 41 \n"
[1] "Simulation 48 \n"
[1] "Simulation 42 \n"
[1] "Simulation 39 \n"
[1] "Simulation 45 \n"
[1] "Simulation 43 \n"
[1] "Simulation 39 \n"
[1] "Simulation 46 \n"
[1] "Simulation 40 \n"
[1] "Simulation 35 \n"
[1] "Simulation 39 \n"
[1] "Simulation 49 \n"
[1] "Simulation 41 \n"
[1] "Simulation 47 \n"
[1] "Simulation 42 \n"
[1] "Simulation 42 \n"
[1] "Simulation 36 \n"
[1] "Simulation 49 \n"
[1] "Simulation 48 \n"
[1] "Simulation 43 \n"
[1] "Simulation 46 \n"
[1] "Simulation 50 \n"
[1] "Simulation 5 \n"
[1] "Simulation 6 \n"
[1] "Simulation 7 \n"
[1] "Simulation 8 \n"
[1] "Simulation 43 \n"
[1] "Simulation 9 \n"
[1] "Simulation 36 \n"
[1] "Simulation 10 \n"
[1] "Simulation 11 \n"
[1] "Simulation 12 \n"
[1] "Simulation 13 \n"
[1] "Simulation 49 \n"
[1] "Simulation 14 \n"
[1] "Simulation 15 \n"
[1] "Simulation 16 \n"
[1] "Simulation 51 \n"
[1] "Simulation 17 \n"
[1] "Simulation 18 \n"
[1] "Simulation 40 \n"
[1] "Simulation 47 \n"
[1] "Simulation 19 \n"
[1] "Simulation 37 \n"
[1] "Simulation 20 \n"
[1] "Simulation 21 \n"
[1] "Simulation 22 \n"
[1] "Simulation 44 \n"
[1] "Simulation 44 \n"
[1] "Simulation 23 \n"
[1] "Simulation 24 \n"
[1] "Simulation 25 \n"
[1] "Simulation 26 \n"
[1] "Simulation 27 \n"
[1] "Simulation 28 \n"
[1] "Simulation 52 \n"
[1] "Simulation 29 \n"
[1] "Simulation 44 \n"
[1] "Simulation 30 \n"
[1] "Simulation 51 \n"
[1] "Simulation 31 \n"
[1] "Simulation 32 \n"
[1] "Simulation 37 \n"
[1] "Simulation 45 \n"
[1] "Simulation 33 \n"
[1] "Simulation 38 \n"
[1] "Simulation 10 \n"
[1] "Simulation 11 \n"
[1] "Simulation 12 \n"
[1] "Simulation 48 \n"
[1] "Simulation 40 \n"
[1] "Simulation 13 \n"
[1] "Simulation 14 \n"
[1] "Simulation 15 \n"
[1] "Simulation 16 \n"
[1] "Simulation 17 \n"
[1] "Simulation 18 \n"
[1] "Simulation 19 \n"
[1] "Simulation 42 \n"
[1] "Simulation 20 \n"
[1] "Simulation 21 \n"
[1] "Simulation 41 \n"
[1] "Simulation 46 \n"
[1] "Simulation 22 \n"
[1] "Simulation 23 \n"
[1] "Simulation 34 \n"
[1] "Simulation 24 \n"
[1] "Simulation 25 \n"
[1] "Simulation 26 \n"
[1] "Simulation 27 \n"
[1] "Simulation 52 \n"
[1] "Simulation 53 \n"
[1] "Simulation 48 \n"
[1] "Simulation 28 \n"
[1] "Simulation 29 \n"
[1] "Simulation 43 \n"
[1] "Simulation 30 \n"
[1] "Simulation 31 \n"
[1] "Simulation 32 \n"
[1] "Simulation 35 \n"
[1] "Simulation 4 \n"
[1] "Simulation 47 \n"
[1] "Simulation 33 \n"
[1] "Simulation 57 \n"
[1] "Simulation 34 \n"
[1] "Simulation 43 \n"
[1] "Simulation 48 \n"
[1] "Simulation 35 \n"
[1] "Simulation 38 \n"
[1] "Simulation 36 \n"
[1] "Simulation 49 \n"
[1] "Simulation 36 \n"
[1] "Simulation 58 \n"
[1] "Simulation 37 \n"
[1] "Simulation 37 \n"
[1] "Simulation 50 \n"
[1] "Simulation 38 \n"
[1] "Simulation 50 \n"
[1] "Simulation 38 \n"
[1] "Simulation 45 \n"
[1] "Simulation 49 \n"
[1] "Simulation 39 \n"
[1] "Simulation 39 \n"
[1] "Simulation 39 \n"
[1] "Simulation 44 \n"
[1] "Simulation 40 \n"
[1] "Simulation 4 \n"
[1] "Simulation 5 \n"
[1] "Simulation 6 \n"
[1] "Simulation 7 \n"
[1] "Simulation 40 \n"
[1] "Simulation 8 \n"
[1] "Simulation 9 \n"
[1] "Simulation 10 \n"
[1] "Simulation 11 \n"
[1] "Simulation 12 \n"
[1] "Simulation 13 \n"
[1] "Simulation 14 \n"
[1] "Simulation 15 \n"
[1] "Simulation 16 \n"
[1] "Simulation 41 \n"
[1] "Simulation 17 \n"
[1] "Simulation 41 \n"
[1] "Simulation 18 \n"
[1] "Simulation 19 \n"
[1] "Simulation 20 \n"
[1] "Simulation 21 \n"
[1] "Simulation 39 \n"
[1] "Simulation 59 \n"
[1] "Simulation 42 \n"
[1] "Simulation 22 \n"
[1] "Simulation 23 \n"
[1] "Simulation 53 \n"
[1] "Simulation 24 \n"
[1] "Simulation 42 \n"
[1] "Simulation 44 \n"
[1] "Simulation 49 \n"
[1] "Simulation 43 \n"
[1] "Simulation 50 \n"
[1] "Simulation 25 \n"
[1] "Simulation 40 \n"
[1] "Simulation 41 \n"
[1] "Simulation 42 \n"
[1] "Simulation 43 \n"
[1] "Simulation 44 \n"
[1] "Simulation 45 \n"
[1] "Simulation 46 \n"
[1] "Simulation 47 \n"
[1] "Simulation 48 \n"
[1] "Simulation 42 \n"
[1] "Simulation 44 \n"
[1] "Simulation 49 \n"
[1] "Simulation 50 \n"
[1] "Simulation 51 \n"
[1] "Simulation 52 \n"
[1] "Simulation 53 \n"
[1] "Simulation 54 \n"
[1] "Simulation 55 \n"
[1] "Simulation 26 \n"
[1] "Simulation 56 \n"
[1] "Simulation 57 \n"
[1] "Simulation 58 \n"
[1] "Simulation 59 \n"
[1] "Simulation 60 \n"
[1] "Simulation 61 \n"
[1] "Simulation 62 \n"
[1] "Simulation 45 \n"
[1] "Simulation 63 \n"
[1] "Simulation 64 \n"
[1] "Simulation 45 \n"
[1] "Simulation 65 \n"
[1] "Simulation 27 \n"
[1] "Simulation 46 \n"
[1] "Simulation 66 \n"
[1] "Simulation 40 \n"
[1] "Simulation 67 \n"
[1] "Simulation 28 \n"
[1] "Simulation 41 \n"
[1] "Simulation 29 \n"
[1] "Simulation 54 \n"
[1] "Simulation 68 \n"
[1] "Simulation 50 \n"
[1] "Simulation 69 \n"
[1] "Simulation 70 \n"
[1] "Simulation 71 \n"
[1] "Simulation 46 \n"
[1] "Simulation 5 \n"
[1] "Simulation 6 \n"
[1] "Simulation 72 \n"
[1] "Simulation 7 \n"
[1] "Simulation 8 \n"
[1] "Simulation 9 \n"
[1] "Simulation 73 \n"
[1] "Simulation 10 \n"
[1] "Simulation 11 \n"
[1] "Simulation 74 \n"
[1] "Simulation 46 \n"
[1] "Simulation 30 \n"
[1] "Simulation 12 \n"
[1] "Simulation 13 \n"
[1] "Simulation 51 \n"
[1] "Simulation 45 \n"
[1] "Simulation 14 \n"
[1] "Simulation 75 \n"
[1] "Simulation 15 \n"
[1] "Simulation 51 \n"
[1] "Simulation 16 \n"
[1] "Simulation 17 \n"
[1] "Simulation 43 \n"
[1] "Simulation 18 \n"
[1] "Simulation 54 \n"
[1] "Simulation 19 \n"
[1] "Simulation 76 \n"
[1] "Simulation 20 \n"
[1] "Simulation 21 \n"
[1] "Simulation 31 \n"
[1] "Simulation 77 \n"
[1] "Simulation 22 \n"
[1] "Simulation 78 \n"
[1] "Simulation 79 \n"
[1] "Simulation 23 \n"
[1] "Simulation 43 \n"
[1] "Simulation 24 \n"
[1] "Simulation 5 \n"
[1] "Simulation 6 \n"
[1] "Simulation 7 \n"
[1] "Simulation 52 \n"
[1] "Simulation 80 \n"
[1] "Simulation 8 \n"
[1] "Simulation 9 \n"
[1] "Simulation 10 \n"
[1] "Simulation 25 \n"
[1] "Simulation 45 \n"
[1] "Simulation 11 \n"
[1] "Simulation 12 \n"
[1] "Simulation 26 \n"
[1] "Simulation 32 \n"
[1] "Simulation 13 \n"
[1] "Simulation 44 \n"
[1] "Simulation 14 \n"
[1] "Simulation 15 \n"
[1] "Simulation 50 \n"
[1] "Simulation 16 \n"
[1] "Simulation 33 \n"
[1] "Simulation 27 \n"
[1] "Simulation 17 \n"
[1] "Simulation 51 \n"
[1] "Simulation 18 \n"
[1] "Simulation 19 \n"
[1] "Simulation 50 \n"
[1] "Simulation 81 \n"
[1] "Simulation 20 \n"
[1] "Simulation 45 \n"
[1] "Simulation 82 \n"
[1] "Simulation 28 \n"
[1] "Simulation 34 \n"
[1] "Simulation 29 \n"
[1] "Simulation 21 \n"
[1] "Simulation 22 \n"
[1] "Simulation 83 \n"
[1] "Simulation 35 \n"
[1] "Simulation 40 \n"
[1] "Simulation 30 \n"
[1] "Simulation 47 \n"
[1] "Simulation 84 \n"
[1] "Simulation 55 \n"
[1] "Simulation 52 \n"
[1] "Simulation 60 \n"
[1] "Simulation 85 \n"
[1] "Simulation 47 \n"
[1] "Simulation 31 \n"
[1] "Simulation 86 \n"
[1] "Simulation 23 \n"
[1] "Simulation 48 \n"
[1] "Simulation 46 \n"
[1] "Simulation 24 \n"
[1] "Simulation 87 \n"
[1] "Simulation 51 \n"
[1] "Simulation 41 \n"
[1] "Simulation 53 \n"
[1] "Simulation 48 \n"
[1] "Simulation 32 \n"
[1] "Simulation 49 \n"
[1] "Simulation 25 \n"
[1] "Simulation 36 \n"
[1] "Simulation 53 \n"
[1] "Simulation 51 \n"
[1] "Simulation 37 \n"
[1] "Simulation 26 \n"
[1] "Simulation 46 \n"
[1] "Simulation 33 \n"
[1] "Simulation 46 \n"
[1] "Simulation 27 \n"
[1] "Simulation 49 \n"
[1] "Simulation 88 \n"
[1] "Simulation 34 \n"
[1] "Simulation 38 \n"
[1] "Simulation 47 \n"
[1] "Simulation 50 \n"
[1] "Simulation 28 \n"
[1] "Simulation 89 \n"
[1] "Simulation 61 \n"
[1] "Simulation 29 \n"
[1] "Simulation 30 \n"
[1] "Simulation 39 \n"
[1] "Simulation 31 \n"
[1] "Simulation 41 \n"
[1] "Simulation 51 \n"
[1] "Simulation 90 \n"
[1] "Simulation 47 \n"
[1] "Simulation 35 \n"
[1] "Simulation 32 \n"
[1] "Simulation 36 \n"
[1] "Simulation 51 \n"
[1] "Simulation 48 \n"
[1] "Simulation 37 \n"
[1] "Simulation 91 \n"
[1] "Simulation 50 \n"
[1] "Simulation 42 \n"
[1] "Simulation 38 \n"
[1] "Simulation 52 \n"
[1] "Simulation 40 \n"
[1] "Simulation 39 \n"
[1] "Simulation 55 \n"
[1] "Simulation 54 \n"
[1] "Simulation 44 \n"
[1] "Simulation 92 \n"
[1] "Simulation 54 \n"
[1] "Simulation 41 \n"
[1] "Simulation 52 \n"
[1] "Simulation 33 \n"
[1] "Simulation 47 \n"
[1] "Simulation 42 \n"
[1] "Simulation 56 \n"
[1] "Simulation 57 \n"
[1] "Simulation 58 \n"
[1] "Simulation 59 \n"
[1] "Simulation 60 \n"
[1] "Simulation 61 \n"
[1] "Simulation 62 \n"
[1] "Simulation 63 \n"
[1] "Simulation 64 \n"
[1] "Simulation 65 \n"
[1] "Simulation 66 \n"
[1] "Simulation 53 \n"
[1] "Simulation 93 \n"
[1] "Simulation 67 \n"
[1] "Simulation 68 \n"
[1] "Simulation 69 \n"
[1] "Simulation 70 \n"
[1] "Simulation 71 \n"
[1] "Simulation 72 \n"
[1] "Simulation 73 \n"
[1] "Simulation 74 \n"
[1] "Simulation 75 \n"
[1] "Simulation 76 \n"
[1] "Simulation 34 \n"
[1] "Simulation 77 \n"
[1] "Simulation 78 \n"
[1] "Simulation 79 \n"
[1] "Simulation 80 \n"
[1] "Simulation 81 \n"
[1] "Simulation 94 \n"
[1] "Simulation 40 \n"
[1] "Simulation 48 \n"
[1] "Simulation 82 \n"
[1] "Simulation 83 \n"
[1] "Simulation 95 \n"
[1] "Simulation 42 \n"
[1] "Simulation 84 \n"
[1] "Simulation 52 \n"
[1] "Simulation 85 \n"
[1] "Simulation 35 \n"
[1] "Simulation 47 \n"
[1] "Simulation 48 \n"
[1] "Simulation 49 \n"
[1] "Simulation 50 \n"
[1] "Simulation 51 \n"
[1] "Simulation 51 \n"
[1] "Simulation 52 \n"
[1] "Simulation 53 \n"
[1] "Simulation 54 \n"
[1] "Simulation 55 \n"
[1] "Simulation 56 \n"
[1] "Simulation 57 \n"
[1] "Simulation 58 \n"
[1] "Simulation 59 \n"
[1] "Simulation 53 \n"
[1] "Simulation 60 \n"
[1] "Simulation 61 \n"
[1] "Simulation 55 \n"
[1] "Simulation 62 \n"
[1] "Simulation 63 \n"
[1] "Simulation 64 \n"
[1] "Simulation 65 \n"
[1] "Simulation 43 \n"
[1] "Simulation 66 \n"
[1] "Simulation 43 \n"
[1] "Simulation 67 \n"
[1] "Simulation 43 \n"
[1] "Simulation 68 \n"
[1] "Simulation 69 \n"
[1] "Simulation 70 \n"
[1] "Simulation 48 \n"
[1] "Simulation 54 \n"
[1] "Simulation 71 \n"
[1] "Simulation 86 \n"
[1] "Simulation 72 \n"
[1] "Simulation 96 \n"
[1] "Simulation 73 \n"
[1] "Simulation 74 \n"
[1] "Simulation 75 \n"
[1] "Simulation 76 \n"
[1] "Simulation 87 \n"
[1] "Simulation 55 \n"
[1] "Simulation 77 \n"
[1] "Simulation 78 \n"
[1] "Simulation 79 \n"
[1] "Simulation 88 \n"
[1] "Simulation 97 \n"
[1] "Simulation 49 \n"
[1] "Simulation 80 \n"
[1] "Simulation 41 \n"
[1] "Simulation 44 \n"
[1] "Simulation 81 \n"
[1] "Simulation 82 \n"
[1] "Simulation 89 \n"
[1] "Simulation 83 \n"
[1] "Simulation 56 \n"
[1] "Simulation 98 \n"
[1] "Simulation 84 \n"
[1] "Simulation 90 \n"
[1] "Simulation 42 \n"
[1] "Simulation 43 \n"
[1] "Simulation 44 \n"
[1] "Simulation 45 \n"
[1] "Simulation 46 \n"
[1] "Simulation 47 \n"
[1] "Simulation 85 \n"
[1] "Simulation 48 \n"
[1] "Simulation 49 \n"
[1] "Simulation 50 \n"
[1] "Simulation 51 \n"
[1] "Simulation 52 \n"
[1] "Simulation 53 \n"
[1] "Simulation 54 \n"
[1] "Simulation 86 \n"
[1] "Simulation 55 \n"
[1] "Simulation 49 \n"
[1] "Simulation 56 \n"
[1] "Simulation 57 \n"
[1] "Simulation 58 \n"
[1] "Simulation 87 \n"
[1] "Simulation 59 \n"
[1] "Simulation 60 \n"
[1] "Simulation 61 \n"
[1] "Simulation 62 \n"
[1] "Simulation 91 \n"
[1] "Simulation 63 \n"
[1] "Simulation 64 \n"
[1] "Simulation 65 \n"
[1] "Simulation 88 \n"
[1] "Simulation 66 \n"
[1] "Simulation 67 \n"
[1] "Simulation 68 \n"
[1] "Simulation 52 \n"
[1] "Simulation 69 \n"
[1] "Simulation 99 \n"
[1] "Simulation 70 \n"
[1] "Simulation 71 \n"
[1] "Simulation 45 \n"
[1] "Simulation 54 \n"
[1] "Simulation 72 \n"
[1] "Simulation 44 \n"
[1] "Simulation 73 \n"
[1] "Simulation 92 \n"
[1] "Simulation 74 \n"
[1] "Simulation 36 \n"
[1] "Simulation 52 \n"
[1] "Simulation 75 \n"
[1] "Simulation 46 \n"
[1] "Simulation 42 \n"
[1] "Simulation 76 \n"
[1] "Simulation 93 \n"
[1] "Simulation 77 \n"
[1] "Simulation 89 \n"
[1] "Simulation 50 \n"
[1] "Simulation 78 \n"
[1] "Simulation 43 \n"
[1] "Simulation 94 \n"
[1] "Simulation 79 \n"
[1] "Simulation 90 \n"
[1] "Simulation 80 \n"
[1] "Simulation 56 \n"
[1] "Simulation 91 \n"
[1] "Simulation 55 \n"
[1] "Simulation 92 \n"
[1] "Simulation 95 \n"
[1] "Simulation 62 \n"
[1] "Simulation 93 \n"
[1] "Simulation 37 \n"
[1] "Simulation 53 \n"
[1] "Simulation 50 \n"
[1] "Simulation 44 \n"
[1] "Simulation 100 \n"
[1] "Simulation 81 \n"
[1] "Simulation 101 \n"
[1] "Simulation 38 \n"
[1] "Simulation 49 \n"
[1] "Simulation 52 \n"
[1] "Simulation 82 \n"
[1] "Simulation 55 \n"
[1] "Simulation 51 \n"
[1] "Simulation 96 \n"
[1] "Simulation 83 \n"
[1] "Simulation 84 \n"
[1] "Simulation 56 \n"
[1] "Simulation 50 \n"
[1] "Simulation 63 \n"
[1] "Simulation 94 \n"
[1] "Simulation 44 \n"
[1] "Simulation 53 \n"
[1] "Simulation 85 \n"
[1] "Simulation 53 \n"
[1] "Simulation 45 \n"
[1] "Simulation 102 \n"
[1] "Simulation 47 \n"
[1] "Simulation 97 \n"
[1] "Simulation 45 \n"
[1] "Simulation 103 \n"
[1] "Simulation 56 \n"
[1] "Simulation 86 \n"
[1] "Simulation 46 \n"
[1] "Simulation 104 \n"
[1] "Simulation 39 \n"
[1] "Simulation 95 \n"
[1] "Simulation 98 \n"
[1] "Simulation 87 \n"
[1] "Simulation 96 \n"
[1] "Simulation 97 \n"
[1] "Simulation 57 \n"
[1] "Simulation 57 \n"
[1] "Simulation 51 \n"
[1] "Simulation 105 \n"
[1] "Simulation 56 \n"
<simpleError: cannot allocate vector of size 2.0 Gb>
[1] "Simulation 57 \n"
[1] "Simulation 58 \n"
[1] "Simulation 98 \n"
[1] "Simulation 58 \n"
[1] "Simulation 47 \n"
[1] "Simulation 88 \n"
[1] "Simulation 99 \n"
[1] "Simulation 58 \n"
[1] "Simulation 51 \n"
[1] "Simulation 89 \n"
[1] "Simulation 99 \n"
[1] "Simulation 90 \n"
[1] "Simulation 52 \n"
[1] "Simulation 91 \n"
[1] "Simulation 106 \n"
[1] "Simulation 48 \n"
[1] "Simulation 100 \n"
[1] "Simulation 46 \n"
[1] "Simulation 49 \n"
[1] "Simulation 101 \n"
[1] "Simulation 48 \n"
[1] "Simulation 100 \n"
[1] "Simulation 107 \n"
[1] "Simulation 54 \n"
[1] "Simulation 40 \n"
[1] "Simulation 92 \n"
[1] "Simulation 45 \n"
[1] "Simulation 57 \n"
[1] "Simulation 58 \n"
[1] "Simulation 59 \n"
[1] "Simulation 60 \n"
[1] "Simulation 102 \n"
[1] "Simulation 61 \n"
[1] "Simulation 54 \n"
[1] "Simulation 62 \n"
[1] "Simulation 63 \n"
[1] "Simulation 64 \n"
[1] "Simulation 65 \n"
[1] "Simulation 66 \n"
[1] "Simulation 67 \n"
[1] "Simulation 68 \n"
[1] "Simulation 69 \n"
[1] "Simulation 70 \n"
[1] "Simulation 101 \n"
[1] "Simulation 71 \n"
[1] "Simulation 72 \n"
[1] "Simulation 57 \n"
[1] "Simulation 73 \n"
[1] "Simulation 74 \n"
[1] "Simulation 75 \n"
[1] "Simulation 53 \n"
[1] "Simulation 54 \n"
[1] "Simulation 55 \n"
[1] "Simulation 56 \n"
[1] "Simulation 76 \n"
[1] "Simulation 57 \n"
[1] "Simulation 77 \n"
[1] "Simulation 58 \n"
[1] "Simulation 78 \n"
[1] "Simulation 103 \n"
[1] "Simulation 59 \n"
[1] "Simulation 60 \n"
[1] "Simulation 61 \n"
[1] "Simulation 79 \n"
[1] "Simulation 62 \n"
[1] "Simulation 63 \n"
[1] "Simulation 80 \n"
[1] "Simulation 64 \n"
[1] "Simulation 65 \n"
[1] "Simulation 81 \n"
[1] "Simulation 66 \n"
[1] "Simulation 104 \n"
[1] "Simulation 67 \n"
[1] "Simulation 68 \n"
[1] "Simulation 69 \n"
[1] "Simulation 70 \n"
[1] "Simulation 82 \n"
[1] "Simulation 71 \n"
[1] "Simulation 72 \n"
[1] "Simulation 52 \n"
[1] "Simulation 73 \n"
[1] "Simulation 83 \n"
[1] "Simulation 93 \n"
[1] "Simulation 49 \n"
[1] "Simulation 74 \n"
[1] "Simulation 84 \n"
[1] "Simulation 75 \n"
[1] "Simulation 85 \n"
[1] "Simulation 76 \n"
[1] "Simulation 102 \n"
[1] "Simulation 77 \n"
[1] "Simulation 52 \n"
[1] "Simulation 86 \n"
[1] "Simulation 78 \n"
[1] "Simulation 87 \n"
[1] "Simulation 79 \n"
[1] "Simulation 80 \n"
[1] "Simulation 88 \n"
[1] "Simulation 81 \n"
[1] "Simulation 105 \n"
[1] "Simulation 82 \n"
[1] "Simulation 83 \n"
[1] "Simulation 84 \n"
[1] "Simulation 89 \n"
[1] "Simulation 54 \n"
[1] "Simulation 53 \n"
[1] "Simulation 90 \n"
[1] "Simulation 50 \n"
[1] "Simulation 85 \n"
[1] "Simulation 50 \n"
[1] "Simulation 86 \n"
[1] "Simulation 87 \n"
[1] "Simulation 88 \n"
[1] "Simulation 91 \n"
[1] "Simulation 89 \n"
[1] "Simulation 103 \n"
[1] "Simulation 90 \n"
[1] "Simulation 92 \n"
[1] "Simulation 51 \n"
[1] "Simulation 91 \n"
[1] "Simulation 93 \n"
[1] "Simulation 94 \n"
[1] "Simulation 92 \n"
[1] "Simulation 53 \n"
[1] "Simulation 55 \n"
[1] "Simulation 93 \n"
[1] "Simulation 53 \n"
[1] "Simulation 54 \n"
[1] "Simulation 94 \n"
[1] "Simulation 55 \n"
[1] "Simulation 56 \n"
[1] "Simulation 57 \n"
[1] "Simulation 58 \n"
[1] "Simulation 59 \n"
[1] "Simulation 60 \n"
[1] "Simulation 94 \n"
[1] "Simulation 61 \n"
[1] "Simulation 62 \n"
[1] "Simulation 63 \n"
[1] "Simulation 64 \n"
[1] "Simulation 65 \n"
[1] "Simulation 95 \n"
[1] "Simulation 95 \n"
[1] "Simulation 66 \n"
[1] "Simulation 95 \n"
[1] "Simulation 67 \n"
[1] "Simulation 59 \n"
[1] "Simulation 68 \n"
[1] "Simulation 69 \n"
[1] "Simulation 70 \n"
[1] "Simulation 71 \n"
[1] "Simulation 72 \n"
[1] "Simulation 96 \n"
[1] "Simulation 64 \n"
[1] "Simulation 73 \n"
[1] "Simulation 52 \n"
[1] "Simulation 51 \n"
[1] "Simulation 74 \n"
[1] "Simulation 96 \n"
[1] "Simulation 75 \n"
[1] "Simulation 76 \n"
[1] "Simulation 77 \n"
[1] "Simulation 78 \n"
[1] "Simulation 79 \n"
[1] "Simulation 97 \n"
[1] "Simulation 80 \n"
[1] "Simulation 97 \n"
[1] "Simulation 81 \n"
[1] "Simulation 55 \n"
[1] "Simulation 56 \n"
[1] "Simulation 82 \n"
[1] "Simulation 57 \n"
[1] "Simulation 58 \n"
[1] "Simulation 83 \n"
[1] "Simulation 98 \n"
[1] "Simulation 59 \n"
[1] "Simulation 60 \n"
[1] "Simulation 61 \n"
[1] "Simulation 98 \n"
[1] "Simulation 99 \n"
[1] "Simulation 84 \n"
[1] "Simulation 62 \n"
[1] "Simulation 85 \n"
[1] "Simulation 63 \n"
[1] "Simulation 86 \n"
[1] "Simulation 64 \n"
[1] "Simulation 65 \n"
[1] "Simulation 66 \n"
[1] "Simulation 67 \n"
[1] "Simulation 87 \n"
[1] "Simulation 52 \n"
[1] "Simulation 68 \n"
[1] "Simulation 69 \n"
[1] "Simulation 70 \n"
[1] "Simulation 59 \n"
[1] "Simulation 88 \n"
[1] "Simulation 108 \n"
[1] "Simulation 71 \n"
[1] "Simulation 53 \n"
[1] "Simulation 72 \n"
[1] "Simulation 73 \n"
[1] "Simulation 89 \n"
[1] "Simulation 74 \n"
[1] "Simulation 75 \n"
[1] "Simulation 90 \n"
[1] "Simulation 76 \n"
[1] "Simulation 96 \n"
[1] "Simulation 77 \n"
[1] "Simulation 100 \n"
[1] "Simulation 41 \n"
[1] "Simulation 91 \n"
[1] "Simulation 78 \n"
[1] "Simulation 79 \n"
[1] "Simulation 92 \n"
[1] "Simulation 101 \n"
[1] "Simulation 80 \n"
[1] "Simulation 106 \n"
[1] "Simulation 104 \n"
[1] "Simulation 81 \n"
[1] "Simulation 93 \n"
[1] "Simulation 102 \n"
[1] "Simulation 46 \n"
[1] "Simulation 82 \n"
[1] "Simulation 97 \n"
[1] "Simulation 83 \n"
[1] "Simulation 84 \n"
[1] "Simulation 98 \n"
[1] "Simulation 94 \n"
[1] "Simulation 85 \n"
[1] "Simulation 54 \n"
[1] "Simulation 105 \n"
[1] "Simulation 86 \n"
[1] "Simulation 99 \n"
[1] "Simulation 42 \n"
[1] "Simulation 99 \n"
[1] "Simulation 54 \n"
[1] "Simulation 87 \n"
[1] "Simulation 58 \n"
[1] "Simulation 95 \n"
[1] "Simulation 103 \n"
[1] "Simulation 88 \n"
[1] "Simulation 96 \n"
[1] "Simulation 89 \n"
[1] "Simulation 100 \n"
[1] "Simulation 60 \n"
[1] "Simulation 90 \n"
[1] "Simulation 55 \n"
[1] "Simulation 97 \n"
[1] "Simulation 104 \n"
[1] "Simulation 101 \n"
[1] "Simulation 91 \n"
[1] "Simulation 54 \n"
[1] "Simulation 98 \n"
[1] "Simulation 100 \n"
[1] "Simulation 92 \n"
[1] "Simulation 55 \n"
[1] "Simulation 106 \n"
[1] "Simulation 93 \n"
[1] "Simulation 102 \n"
[1] "Simulation 61 \n"
[1] "Simulation 105 \n"
[1] "Simulation 109 \n"
[1] "Simulation 59 \n"
[1] "Simulation 101 \n"
[1] "Simulation 94 \n"
[1] "Simulation 99 \n"
[1] "Simulation 103 \n"
[1] "Simulation 107 \n"
[1] "Simulation 45 \n"
<simpleError: cannot allocate vector of size 1.0 Gb>
[1] "Simulation 46 \n"
[1] "Simulation 100 \n"
<simpleError: cannot allocate vector of size 1.0 Gb>
[1] "Simulation 47 \n"
[1] "Simulation 48 \n"
[1] "Simulation 49 \n"
[1] "Simulation 50 \n"
[1] "Simulation 51 \n"
[1] "Simulation 52 \n"
[1] "Simulation 107 \n"
[1] "Simulation 53 \n"
[1] "Simulation 54 \n"
[1] "Simulation 55 \n"
[1] "Simulation 56 \n"
[1] "Simulation 57 \n"
[1] "Simulation 58 \n"
[1] "Simulation 59 \n"
[1] "Simulation 60 \n"
[1] "Simulation 61 \n"
[1] "Simulation 62 \n"
[1] "Simulation 95 \n"
[1] "Simulation 63 \n"
[1] "Simulation 108 \n"
[1] "Simulation 64 \n"
[1] "Simulation 65 \n"
[1] "Simulation 66 \n"
[1] "Simulation 67 \n"
[1] "Simulation 102 \n"
[1] "Simulation 68 \n"
[1] "Simulation 101 \n"
[1] "Simulation 60 \n"
[1] "Simulation 69 \n"
[1] "Simulation 104 \n"
[1] "Simulation 70 \n"
[1] "Simulation 102 \n"
[1] "Simulation 71 \n"
[1] "Simulation 72 \n"
[1] "Simulation 73 \n"
[1] "Simulation 106 \n"
[1] "Simulation 74 \n"
[1] "Simulation 75 \n"
[1] "Simulation 108 \n"
[1] "Simulation 76 \n"
[1] "Simulation 107 \n"
[1] "Simulation 77 \n"
[1] "Simulation 53 \n"
[1] "Simulation 47 \n"
<simpleError: cannot allocate vector of size 1.4 Gb>
[1] "Simulation 48 \n"
<simpleError: cannot allocate vector of size 2.0 Gb>
[1] "Simulation 49 \n"
<simpleError: cannot allocate vector of size 2.0 Gb>
[1] "Simulation 50 \n"
[1] "Simulation 78 \n"
[1] "Simulation 56 \n"
[1] "Simulation 109 \n"
[1] "Simulation 108 \n"
[1] "Simulation 103 \n"
[1] "Simulation 79 \n"
[1] "Simulation 96 \n"
[1] "Simulation 109 \n"
[1] "Simulation 110 \n"
[1] "Simulation 54 \n"
[1] "Simulation 103 \n"
[1] "Simulation 110 \n"
[1] "Simulation 80 \n"
[1] "Simulation 105 \n"
[1] "Simulation 62 \n"
[1] "Simulation 56 \n"
[1] "Simulation 56 \n"
[1] "Simulation 111 \n"
[1] "Simulation 97 \n"
[1] "Simulation 98 \n"
[1] "Simulation 104 \n"
[1] "Simulation 111 \n"
[1] "Simulation 61 \n"
[1] "Simulation 81 \n"
[1] "Simulation 106 \n"
[1] "Simulation 99 \n"
[1] "Simulation 82 \n"
[1] "Simulation 43 \n"
[1] "Simulation 105 \n"
[1] "Simulation 63 \n"
[1] "Simulation 64 \n"
[1] "Simulation 112 \n"
[1] "Simulation 65 \n"
[1] "Simulation 66 \n"
[1] "Simulation 104 \n"
[1] "Simulation 67 \n"
[1] "Simulation 68 \n"
[1] "Simulation 100 \n"
[1] "Simulation 69 \n"
[1] "Simulation 70 \n"
[1] "Simulation 71 \n"
[1] "Simulation 72 \n"
[1] "Simulation 73 \n"
[1] "Simulation 83 \n"
[1] "Simulation 74 \n"
[1] "Simulation 75 \n"
[1] "Simulation 76 \n"
[1] "Simulation 112 \n"
[1] "Simulation 109 \n"
[1] "Simulation 77 \n"
[1] "Simulation 78 \n"
[1] "Simulation 79 \n"
[1] "Simulation 60 \n"
[1] "Simulation 80 \n"
[1] "Simulation 81 \n"
[1] "Simulation 57 \n"
[1] "Simulation 84 \n"
[1] "Simulation 82 \n"
[1] "Simulation 83 \n"
[1] "Simulation 106 \n"
[1] "Simulation 84 \n"
[1] "Simulation 85 \n"
[1] "Simulation 86 \n"
[1] "Simulation 101 \n"
[1] "Simulation 102 \n"
[1] "Simulation 87 \n"
[1] "Simulation 88 \n"
[1] "Simulation 107 \n"
[1] "Simulation 89 \n"
[1] "Simulation 62 \n"
[1] "Simulation 103 \n"
[1] "Simulation 107 \n"
[1] "Simulation 90 \n"
[1] "Simulation 108 \n"
[1] "Simulation 91 \n"
[1] "Simulation 110 \n"
[1] "Simulation 85 \n"
[1] "Simulation 44 \n"
[1] "Simulation 92 \n"
[1] "Simulation 93 \n"
[1] "Simulation 94 \n"
[1] "Simulation 95 \n"
[1] "Simulation 105 \n"
[1] "Simulation 96 \n"
[1] "Simulation 104 \n"
[1] "Simulation 97 \n"
[1] "Simulation 98 \n"
[1] "Simulation 105 \n"
[1] "Simulation 113 \n"
[1] "Simulation 99 \n"
[1] "Simulation 113 \n"
[1] "Simulation 57 \n"
<simpleError: cannot allocate vector of size 2.0 Gb>
[1] "Simulation 58 \n"
[1] "Simulation 59 \n"
[1] "Simulation 60 \n"
[1] "Simulation 61 \n"
[1] "Simulation 62 \n"
[1] "Simulation 63 \n"
[1] "Simulation 64 \n"
[1] "Simulation 65 \n"
[1] "Simulation 106 \n"
[1] "Simulation 86 \n"
[1] "Simulation 106 \n"
[1] "Simulation 66 \n"
[1] "Simulation 58 \n"
[1] "Simulation 67 \n"
[1] "Simulation 100 \n"
[1] "Simulation 68 \n"
[1] "Simulation 69 \n"
[1] "Simulation 70 \n"
[1] "Simulation 101 \n"
[1] "Simulation 71 \n"
[1] "Simulation 72 \n"
[1] "Simulation 73 \n"
[1] "Simulation 74 \n"
[1] "Simulation 75 \n"
[1] "Simulation 111 \n"
[1] "Simulation 76 \n"
[1] "Simulation 77 \n"
[1] "Simulation 78 \n"
[1] "Simulation 79 \n"
[1] "Simulation 107 \n"
[1] "Simulation 102 \n"
[1] "Simulation 55 \n"
[1] "Simulation 108 \n"
[1] "Simulation 80 \n"
[1] "Simulation 108 \n"
[1] "Simulation 107 \n"
[1] "Simulation 103 \n"
[1] "Simulation 87 \n"
[1] "Simulation 81 \n"
[1] "Simulation 114 \n"
[1] "Simulation 109 \n"
[1] "Simulation 108 \n"
[1] "Simulation 88 \n"
[1] "Simulation 104 \n"
[1] "Simulation 82 \n"
[1] "Simulation 83 \n"
[1] "Simulation 84 \n"
[1] "Simulation 85 \n"
[1] "Simulation 109 \n"
[1] "Simulation 109 \n"
[1] "Simulation 105 \n"
[1] "Simulation 86 \n"
[1] "Simulation 112 \n"
[1] "Simulation 89 \n"
[1] "Simulation 87 \n"
[1] "Simulation 110 \n"
[1] "Simulation 88 \n"
[1] "Simulation 115 \n"
[1] "Simulation 89 \n"
[1] "Simulation 109 \n"
[1] "Simulation 106 \n"
[1] "Simulation 110 \n"
[1] "Simulation 113 \n"
[1] "Simulation 90 \n"
[1] "Simulation 107 \n"
[1] "Simulation 91 \n"
[1] "Simulation 108 \n"
[1] "Simulation 110 \n"
[1] "Simulation 57 \n"
[1] "Simulation 114 \n"
[1] "Simulation 90 \n"
[1] "Simulation 111 \n"
[1] "Simulation 92 \n"
[1] "Simulation 110 \n"
[1] "Simulation 93 \n"
[1] "Simulation 116 \n"
[1] "Simulation 91 \n"
[1] "Simulation 114 \n"
[1] "Simulation 110 \n"
[1] "Simulation 47 \n"
[1] "Simulation 92 \n"
[1] "Simulation 115 \n"
[1] "Simulation 112 \n"
[1] "Simulation 111 \n"
[1] "Simulation 115 \n"
[1] "Simulation 111 \n"
[1] "Simulation 94 \n"
[1] "Simulation 59 \n"
[1] "Simulation 63 \n"
[1] "Simulation 64 \n"
[1] "Simulation 65 \n"
[1] "Simulation 66 \n"
[1] "Simulation 67 \n"
[1] "Simulation 68 \n"
[1] "Simulation 69 \n"
[1] "Simulation 70 \n"
[1] "Simulation 71 \n"
[1] "Simulation 72 \n"
[1] "Simulation 73 \n"
[1] "Simulation 74 \n"
[1] "Simulation 95 \n"
[1] "Simulation 75 \n"
[1] "Simulation 76 \n"
[1] "Simulation 77 \n"
[1] "Simulation 93 \n"
[1] "Simulation 78 \n"
[1] "Simulation 79 \n"
[1] "Simulation 80 \n"
[1] "Simulation 116 \n"
[1] "Simulation 81 \n"
[1] "Simulation 82 \n"
[1] "Simulation 83 \n"
[1] "Simulation 84 \n"
[1] "Simulation 85 \n"
[1] "Simulation 111 \n"
[1] "Simulation 86 \n"
[1] "Simulation 87 \n"
[1] "Simulation 60 \n"
[1] "Simulation 96 \n"
[1] "Simulation 112 \n"
[1] "Simulation 88 \n"
[1] "Simulation 61 \n"
[1] "Simulation 89 \n"
[1] "Simulation 90 \n"
[1] "Simulation 94 \n"
[1] "Simulation 112 \n"
[1] "Simulation 97 \n"
[1] "Simulation 91 \n"
[1] "Simulation 98 \n"
[1] "Simulation 92 \n"
[1] "Simulation 95 \n"
[1] "Simulation 112 \n"
[1] "Simulation 113 \n"
[1] "Simulation 99 \n"
[1] "Simulation 100 \n"
[1] "Simulation 56 \n"
[1] "Simulation 93 \n"
[1] "Simulation 117 \n"
[1] "Simulation 101 \n"
[1] "Simulation 96 \n"
[1] "Simulation 102 \n"
[1] "Simulation 94 \n"
[1] "Simulation 118 \n"
[1] "Simulation 95 \n"
[1] "Simulation 96 \n"
[1] "Simulation 113 \n"
[1] "Simulation 113 \n"
[1] "Simulation 103 \n"
[1] "Simulation 116 \n"
[1] "Simulation 114 \n"
[1] "Simulation 97 \n"
[1] "Simulation 119 \n"
[1] "Simulation 97 \n"
[1] "Simulation 98 \n"
[1] "Simulation 117 \n"
[1] "Simulation 99 \n"
[1] "Simulation 98 \n"
[1] "Simulation 113 \n"
[1] "Simulation 114 \n"
[1] "Simulation 99 \n"
[1] "Simulation 57 \n"
[1] "Simulation 117 \n"
[1] "Simulation 104 \n"
[1] "Simulation 105 \n"
[1] "Simulation 114 \n"
[1] "Simulation 100 \n"
[1] "Simulation 100 \n"
[1] "Simulation 114 \n"
[1] "Simulation 106 \n"
[1] "Simulation 101 \n"
[1] "Simulation 107 \n"
[1] "Simulation 101 \n"
[1] "Simulation 115 \n"
[1] "Simulation 108 \n"
[1] "Simulation 120 \n"
[1] "Simulation 102 \n"
[1] "Simulation 109 \n"
[1] "Simulation 115 \n"
[1] "Simulation 65 \n"
[1] "Simulation 66 \n"
[1] "Simulation 67 \n"
[1] "Simulation 68 \n"
[1] "Simulation 69 \n"
[1] "Simulation 70 \n"
[1] "Simulation 71 \n"
[1] "Simulation 72 \n"
[1] "Simulation 73 \n"
[1] "Simulation 74 \n"
[1] "Simulation 75 \n"
[1] "Simulation 76 \n"
[1] "Simulation 77 \n"
[1] "Simulation 78 \n"
[1] "Simulation 79 \n"
[1] "Simulation 80 \n"
[1] "Simulation 103 \n"
[1] "Simulation 81 \n"
[1] "Simulation 82 \n"
[1] "Simulation 83 \n"
[1] "Simulation 84 \n"
[1] "Simulation 45 \n"
[1] "Simulation 116 \n"
[1] "Simulation 85 \n"
[1] "Simulation 110 \n"
[1] "Simulation 86 \n"
[1] "Simulation 116 \n"
[1] "Simulation 87 \n"
[1] "Simulation 88 \n"
[1] "Simulation 89 \n"
[1] "Simulation 90 \n"
[1] "Simulation 91 \n"
[1] "Simulation 115 \n"
[1] "Simulation 58 \n"
[1] "Simulation 92 \n"
[1] "Simulation 93 \n"
[1] "Simulation 94 \n"
[1] "Simulation 115 \n"
[1] "Simulation 95 \n"
[1] "Simulation 121 \n"
[1] "Simulation 104 \n"
[1] "Simulation 96 \n"
[1] "Simulation 111 \n"
[1] "Simulation 97 \n"
[1] "Simulation 102 \n"
[1] "Simulation 98 \n"
[1] "Simulation 99 \n"
[1] "Simulation 100 \n"
[1] "Simulation 101 \n"
[1] "Simulation 103 \n"
[1] "Simulation 61 \n"
[1] "Simulation 102 \n"
[1] "Simulation 46 \n"
[1] "Simulation 103 \n"
[1] "Simulation 58 \n"
[1] "Simulation 59 \n"
[1] "Simulation 60 \n"
[1] "Simulation 61 \n"
[1] "Simulation 62 \n"
[1] "Simulation 118 \n"
[1] "Simulation 63 \n"
[1] "Simulation 64 \n"
[1] "Simulation 65 \n"
[1] "Simulation 104 \n"
[1] "Simulation 66 \n"
[1] "Simulation 122 \n"
[1] "Simulation 67 \n"
[1] "Simulation 105 \n"
[1] "Simulation 68 \n"
[1] "Simulation 69 \n"
[1] "Simulation 112 \n"
[1] "Simulation 70 \n"
[1] "Simulation 71 \n"
[1] "Simulation 72 \n"
[1] "Simulation 73 \n"
[1] "Simulation 74 \n"
[1] "Simulation 75 \n"
[1] "Simulation 117 \n"
[1] "Simulation 76 \n"
[1] "Simulation 77 \n"
[1] "Simulation 78 \n"
[1] "Simulation 79 \n"
[1] "Simulation 80 \n"
[1] "Simulation 81 \n"
[1] "Simulation 82 \n"
[1] "Simulation 47 \n"
[1] "Simulation 105 \n"
[1] "Simulation 83 \n"
[1] "Simulation 84 \n"
[1] "Simulation 106 \n"
[1] "Simulation 85 \n"
[1] "Simulation 86 \n"
[1] "Simulation 87 \n"
[1] "Simulation 88 \n"
[1] "Simulation 104 \n"
[1] "Simulation 89 \n"
[1] "Simulation 59 \n"
[1] "Simulation 107 \n"
[1] "Simulation 90 \n"
[1] "Simulation 91 \n"
[1] "Simulation 92 \n"
[1] "Simulation 93 \n"
[1] "Simulation 94 \n"
[1] "Simulation 108 \n"
[1] "Simulation 105 \n"
[1] "Simulation 95 \n"
[1] "Simulation 123 \n"
[1] "Simulation 96 \n"
[1] "Simulation 109 \n"
[1] "Simulation 97 \n"
[1] "Simulation 98 \n"
[1] "Simulation 99 \n"
[1] "Simulation 110 \n"
[1] "Simulation 100 \n"
[1] "Simulation 118 \n"
[1] "Simulation 101 \n"
[1] "Simulation 113 \n"
[1] "Simulation 111 \n"
[1] "Simulation 106 \n"
[1] "Simulation 102 \n"
[1] "Simulation 114 \n"
[1] "Simulation 103 \n"
[1] "Simulation 106 \n"
[1] "Simulation 107 \n"
[1] "Simulation 112 \n"
[1] "Simulation 124 \n"
[1] "Simulation 104 \n"
[1] "Simulation 119 \n"
[1] "Simulation 108 \n"
[1] "Simulation 115 \n"
[1] "Simulation 125 \n"
[1] "Simulation 119 \n"
[1] "Simulation 116 \n"
[1] "Simulation 117 \n"
[1] "Simulation 109 \n"
[1] "Simulation 113 \n"
[1] "Simulation 105 \n"
[1] "Simulation 48 \n"
[1] "Simulation 118 \n"
[1] "Simulation 114 \n"
[1] "Simulation 106 \n"
[1] "Simulation 115 \n"
[1] "Simulation 116 \n"
[1] "Simulation 110 \n"
[1] "Simulation 119 \n"
[1] "Simulation 116 \n"
[1] "Simulation 117 \n"
[1] "Simulation 126 \n"
[1] "Simulation 107 \n"
[1] "Simulation 118 \n"
[1] "Simulation 108 \n"
[1] "Simulation 116 \n"
[1] "Simulation 111 \n"
[1] "Simulation 107 \n"
[1] "Simulation 120 \n"
[1] "Simulation 117 \n"
[1] "Simulation 119 \n"
[1] "Simulation 112 \n"
[1] "Simulation 120 \n"
[1] "Simulation 120 \n"
[1] "Simulation 109 \n"
[1] "Simulation 121 \n"
[1] "Simulation 118 \n"
[1] "Simulation 122 \n"
[1] "Simulation 117 \n"
[1] "Simulation 110 \n"
[1] "Simulation 113 \n"
[1] "Simulation 118 \n"
[1] "Simulation 111 \n"
[1] "Simulation 108 \n"
[1] "Simulation 121 \n"
[1] "Simulation 112 \n"
[1] "Simulation 123 \n"
[1] "Simulation 119 \n"
[1] "Simulation 49 \n"
[1] "Simulation 117 \n"
[1] "Simulation 113 \n"
[1] "Simulation 109 \n"
[1] "Simulation 114 \n"
[1] "Simulation 110 \n"
[1] "Simulation 115 \n"
[1] "Simulation 118 \n"
[1] "Simulation 122 \n"
[1] "Simulation 116 \n"
[1] "Simulation 124 \n"
[1] "Simulation 120 \n"
[1] "Simulation 117 \n"
[1] "Simulation 118 \n"
[1] "Simulation 118 \n"
[1] "Simulation 119 \n"
[1] "Simulation 125 \n"
[1] "Simulation 50 \n"
[1] "Simulation 111 \n"
[1] "Simulation 123 \n"
[1] "Simulation 114 \n"
[1] "Simulation 119 \n"
[1] "Simulation 121 \n"
[1] "Simulation 51 \n"
[1] "Simulation 52 \n"
[1] "Simulation 53 \n"
[1] "Simulation 54 \n"
[1] "Simulation 55 \n"
[1] "Simulation 56 \n"
[1] "Simulation 57 \n"
[1] "Simulation 58 \n"
[1] "Simulation 59 \n"
[1] "Simulation 60 \n"
[1] "Simulation 61 \n"
[1] "Simulation 62 \n"
[1] "Simulation 63 \n"
[1] "Simulation 64 \n"
[1] "Simulation 65 \n"
[1] "Simulation 66 \n"
[1] "Simulation 67 \n"
[1] "Simulation 68 \n"
[1] "Simulation 69 \n"
[1] "Simulation 70 \n"
[1] "Simulation 124 \n"
[1] "Simulation 71 \n"
[1] "Simulation 60 \n"
[1] "Simulation 121 \n"
[1] "Simulation 72 \n"
[1] "Simulation 73 \n"
[1] "Simulation 74 \n"
[1] "Simulation 75 \n"
[1] "Simulation 76 \n"
[1] "Simulation 126 \n"
[1] "Simulation 77 \n"
[1] "Simulation 78 \n"
[1] "Simulation 79 \n"
[1] "Simulation 80 \n"
[1] "Simulation 81 \n"
[1] "Simulation 119 \n"
[1] "Simulation 82 \n"
[1] "Simulation 83 \n"
[1] "Simulation 115 \n"
[1] "Simulation 84 \n"
[1] "Simulation 85 \n"
[1] "Simulation 86 \n"
[1] "Simulation 120 \n"
[1] "Simulation 87 \n"
[1] "Simulation 88 \n"
[1] "Simulation 127 \n"
[1] "Simulation 89 \n"
[1] "Simulation 122 \n"
[1] "Simulation 116 \n"
[1] "Simulation 112 \n"
[1] "Simulation 90 \n"
[1] "Simulation 120 \n"
[1] "Simulation 127 \n"
[1] "Simulation 123 \n"
[1] "Simulation 120 \n"
[1] "Simulation 122 \n"
[1] "Simulation 125 \n"
[1] "Simulation 91 \n"
[1] "Simulation 128 \n"
[1] "Simulation 128 \n"
[1] "Simulation 113 \n"
[1] "Simulation 92 \n"
[1] "Simulation 126 \n"
[1] "Simulation 48 \n"
[1] "Simulation 49 \n"
[1] "Simulation 50 \n"
[1] "Simulation 51 \n"
[1] "Simulation 52 \n"
[1] "Simulation 53 \n"
[1] "Simulation 54 \n"
[1] "Simulation 55 \n"
[1] "Simulation 56 \n"
[1] "Simulation 93 \n"
[1] "Simulation 57 \n"
[1] "Simulation 58 \n"
[1] "Simulation 59 \n"
[1] "Simulation 121 \n"
[1] "Simulation 60 \n"
[1] "Simulation 61 \n"
[1] "Simulation 62 \n"
[1] "Simulation 63 \n"
[1] "Simulation 61 \n"
[1] "Simulation 62 \n"
[1] "Simulation 63 \n"
[1] "Simulation 64 \n"
[1] "Simulation 65 \n"
[1] "Simulation 94 \n"
[1] "Simulation 66 \n"
[1] "Simulation 67 \n"
[1] "Simulation 64 \n"
[1] "Simulation 68 \n"
[1] "Simulation 120 \n"
[1] "Simulation 65 \n"
[1] "Simulation 69 \n"
[1] "Simulation 70 \n"
[1] "Simulation 66 \n"
[1] "Simulation 71 \n"
[1] "Simulation 129 \n"
[1] "Simulation 72 \n"
[1] "Simulation 73 \n"
[1] "Simulation 74 \n"
[1] "Simulation 75 \n"
[1] "Simulation 67 \n"
[1] "Simulation 68 \n"
[1] "Simulation 69 \n"
[1] "Simulation 76 \n"
[1] "Simulation 77 \n"
[1] "Simulation 70 \n"
[1] "Simulation 78 \n"
[1] "Simulation 95 \n"
[1] "Simulation 79 \n"
[1] "Simulation 80 \n"
[1] "Simulation 71 \n"
[1] "Simulation 81 \n"
[1] "Simulation 82 \n"
[1] "Simulation 72 \n"
[1] "Simulation 83 \n"
[1] "Simulation 84 \n"
[1] "Simulation 73 \n"
[1] "Simulation 85 \n"
[1] "Simulation 74 \n"
[1] "Simulation 129 \n"
[1] "Simulation 86 \n"
[1] "Simulation 75 \n"
[1] "Simulation 87 \n"
[1] "Simulation 76 \n"
[1] "Simulation 77 \n"
[1] "Simulation 62 \n"
[1] "Simulation 63 \n"
[1] "Simulation 64 \n"
[1] "Simulation 65 \n"
[1] "Simulation 66 \n"
[1] "Simulation 88 \n"
[1] "Simulation 67 \n"
[1] "Simulation 68 \n"
[1] "Simulation 69 \n"
[1] "Simulation 70 \n"
[1] "Simulation 71 \n"
[1] "Simulation 78 \n"
[1] "Simulation 72 \n"
[1] "Simulation 73 \n"
[1] "Simulation 74 \n"
[1] "Simulation 79 \n"
[1] "Simulation 75 \n"
[1] "Simulation 89 \n"
[1] "Simulation 76 \n"
[1] "Simulation 90 \n"
[1] "Simulation 117 \n"
[1] "Simulation 91 \n"
[1] "Simulation 77 \n"
[1] "Simulation 78 \n"
[1] "Simulation 92 \n"
[1] "Simulation 79 \n"
[1] "Simulation 80 \n"
[1] "Simulation 81 \n"
[1] "Simulation 93 \n"
[1] "Simulation 96 \n"
[1] "Simulation 82 \n"
[1] "Simulation 83 \n"
[1] "Simulation 84 \n"
[1] "Simulation 94 \n"
[1] "Simulation 80 \n"
[1] "Simulation 85 \n"
[1] "Simulation 86 \n"
[1] "Simulation 95 \n"
[1] "Simulation 87 \n"
[1] "Simulation 130 \n"
[1] "Simulation 88 \n"
[1] "Simulation 96 \n"
[1] "Simulation 114 \n"
[1] "Simulation 89 \n"
[1] "Simulation 127 \n"
[1] "Simulation 97 \n"
[1] "Simulation 90 \n"
[1] "Simulation 91 \n"
[1] "Simulation 92 \n"
[1] "Simulation 98 \n"
[1] "Simulation 93 \n"
[1] "Simulation 94 \n"
[1] "Simulation 97 \n"
[1] "Simulation 95 \n"
[1] "Simulation 81 \n"
[1] "Simulation 121 \n"
[1] "Simulation 96 \n"
[1] "Simulation 82 \n"
[1] "Simulation 121 \n"
[1] "Simulation 97 \n"
[1] "Simulation 98 \n"
[1] "Simulation 99 \n"
[1] "Simulation 124 \n"
[1] "Simulation 98 \n"
[1] "Simulation 99 \n"
[1] "Simulation 99 \n"
[1] "Simulation 83 \n"
[1] "Simulation 100 \n"
[1] "Simulation 101 \n"
[1] "Simulation 131 \n"
[1] "Simulation 122 \n"
[1] "Simulation 100 \n"
[1] "Simulation 119 \n"
[1] "Simulation 100 \n"
[1] "Simulation 102 \n"
[1] "Simulation 101 \n"
[1] "Simulation 84 \n"
[1] "Simulation 62 \n"
[1] "Simulation 101 \n"
[1] "Simulation 103 \n"
[1] "Simulation 102 \n"
[1] "Simulation 123 \n"
[1] "Simulation 85 \n"
[1] "Simulation 103 \n"
[1] "Simulation 123 \n"
[1] "Simulation 104 \n"
[1] "Simulation 118 \n"
[1] "Simulation 86 \n"
[1] "Simulation 132 \n"
[1] "Simulation 104 \n"
[1] "Simulation 105 \n"
[1] "Simulation 105 \n"
[1] "Simulation 106 \n"
[1] "Simulation 106 \n"
[1] "Simulation 87 \n"
[1] "Simulation 102 \n"
[1] "Simulation 128 \n"
[1] "Simulation 125 \n"
[1] "Simulation 107 \n"
[1] "Simulation 88 \n"
[1] "Simulation 108 \n"
[1] "Simulation 109 \n"
[1] "Simulation 89 \n"
[1] "Simulation 103 \n"
[1] "Simulation 119 \n"
[1] "Simulation 107 \n"
[1] "Simulation 115 \n"
[1] "Simulation 108 \n"
[1] "Simulation 122 \n"
[1] "Simulation 104 \n"
[1] "Simulation 90 \n"
[1] "Simulation 110 \n"
[1] "Simulation 120 \n"
[1] "Simulation 111 \n"
[1] "Simulation 109 \n"
[1] "Simulation 123 \n"
[1] "Simulation 105 \n"
[1] "Simulation 106 \n"
[1] "Simulation 124 \n"
[1] "Simulation 91 \n"
[1] "Simulation 130 \n"
[1] "Simulation 112 \n"
[1] "Simulation 63 \n"
[1] "Simulation 125 \n"
[1] "Simulation 113 \n"
[1] "Simulation 107 \n"
[1] "Simulation 121 \n"
[1] "Simulation 110 \n"
[1] "Simulation 133 \n"
[1] "Simulation 92 \n"
[1] "Simulation 111 \n"
[1] "Simulation 93 \n"
[1] "Simulation 134 \n"
[1] "Simulation 114 \n"
[1] "Simulation 108 \n"
[1] "Simulation 115 \n"
[1] "Simulation 122 \n"
[1] "Simulation 116 \n"
[1] "Simulation 124 \n"
[1] "Simulation 112 \n"
[1] "Simulation 94 \n"
[1] "Simulation 113 \n"
[1] "Simulation 95 \n"
[1] "Simulation 117 \n"
[1] "Simulation 129 \n"
[1] "Simulation 118 \n"
[1] "Simulation 109 \n"
[1] "Simulation 96 \n"
[1] "Simulation 119 \n"
[1] "Simulation 120 \n"
[1] "Simulation 121 \n"
[1] "Simulation 116 \n"
